C:\USERS\ADMINISTRATOR.PC-20121122AUMA\DOCUMENTS\VISUAL STUDIO 2012\PROJECTS\EASYGC\EASY_GC\DEBUG\EASY_GC.PCH
C:\USERS\ADMINISTRATOR.PC-20121122AUMA\DOCUMENTS\VISUAL STUDIO 2012\PROJECTS\EASYGC\EASY_GC\DEBUG\STDAFX.OBJ
C:\USERS\ADMINISTRATOR.PC-20121122AUMA\DOCUMENTS\VISUAL STUDIO 2012\PROJECTS\EASYGC\EASY_GC\DEBUG\VC110.PDB
C:\USERS\ADMINISTRATOR.PC-20121122AUMA\DOCUMENTS\VISUAL STUDIO 2012\PROJECTS\EASYGC\EASY_GC\DEBUG\CODEGENERATOR.OBJ
C:\USERS\ADMINISTRATOR.PC-20121122AUMA\DOCUMENTS\VISUAL STUDIO 2012\PROJECTS\EASYGC\EASY_GC\DEBUG\EASY_GC.OBJ
C:\USERS\ADMINISTRATOR.PC-20121122AUMA\DOCUMENTS\VISUAL STUDIO 2012\PROJECTS\EASYGC\EASY_GC\DEBUG\CODEWRITER.OBJ
C:\USERS\ADMINISTRATOR.PC-20121122AUMA\DOCUMENTS\VISUAL STUDIO 2012\PROJECTS\EASYGC\DEBUG\EASY_GC.ILK
C:\USERS\ADMINISTRATOR.PC-20121122AUMA\DOCUMENTS\VISUAL STUDIO 2012\PROJECTS\EASYGC\DEBUG\EASY_GC.EXE
C:\USERS\ADMINISTRATOR.PC-20121122AUMA\DOCUMENTS\VISUAL STUDIO 2012\PROJECTS\EASYGC\DEBUG\EASY_GC.PDB
C:\Users\Administrator.PC-20121122AUMA\Documents\Visual Studio 2012\Projects\EasyGC\Easy_GC\Debug\CodeWriter.obj
C:\Users\Administrator.PC-20121122AUMA\Documents\Visual Studio 2012\Projects\EasyGC\Easy_GC\Debug\Easy_GC.obj
C:\Users\Administrator.PC-20121122AUMA\Documents\Visual Studio 2012\Projects\EasyGC\Easy_GC\Debug\stdafx.obj
C:\Users\Administrator.PC-20121122AUMA\Documents\Visual Studio 2012\Projects\EasyGC\Easy_GC\Debug\cl.command.1.tlog
C:\Users\Administrator.PC-20121122AUMA\Documents\Visual Studio 2012\Projects\EasyGC\Easy_GC\Debug\CL.read.1.tlog
C:\Users\Administrator.PC-20121122AUMA\Documents\Visual Studio 2012\Projects\EasyGC\Easy_GC\Debug\CL.write.1.tlog
C:\Users\Administrator.PC-20121122AUMA\Documents\Visual Studio 2012\Projects\EasyGC\Easy_GC\Debug\link-cvtres.read.1.tlog
C:\Users\Administrator.PC-20121122AUMA\Documents\Visual Studio 2012\Projects\EasyGC\Easy_GC\Debug\link-cvtres.write.1.tlog
C:\Users\Administrator.PC-20121122AUMA\Documents\Visual Studio 2012\Projects\EasyGC\Easy_GC\Debug\link-rc.read.1.tlog
C:\Users\Administrator.PC-20121122AUMA\Documents\Visual Studio 2012\Projects\EasyGC\Easy_GC\Debug\link-rc.write.1.tlog
C:\Users\Administrator.PC-20121122AUMA\Documents\Visual Studio 2012\Projects\EasyGC\Easy_GC\Debug\link.1124-cvtres.read.1.tlog
C:\Users\Administrator.PC-20121122AUMA\Documents\Visual Studio 2012\Projects\EasyGC\Easy_GC\Debug\link.1124-cvtres.write.1.tlog
C:\Users\Administrator.PC-20121122AUMA\Documents\Visual Studio 2012\Projects\EasyGC\Easy_GC\Debug\link.1124-rc.read.1.tlog
C:\Users\Administrator.PC-20121122AUMA\Documents\Visual Studio 2012\Projects\EasyGC\Easy_GC\Debug\link.1124-rc.write.1.tlog
C:\Users\Administrator.PC-20121122AUMA\Documents\Visual Studio 2012\Projects\EasyGC\Easy_GC\Debug\link.1124.read.1.tlog
C:\Users\Administrator.PC-20121122AUMA\Documents\Visual Studio 2012\Projects\EasyGC\Easy_GC\Debug\link.1124.write.1.tlog
C:\Users\Administrator.PC-20121122AUMA\Documents\Visual Studio 2012\Projects\EasyGC\Easy_GC\Debug\link.2504-cvtres.read.1.tlog
C:\Users\Administrator.PC-20121122AUMA\Documents\Visual Studio 2012\Projects\EasyGC\Easy_GC\Debug\link.2504-cvtres.write.1.tlog
C:\Users\Administrator.PC-20121122AUMA\Documents\Visual Studio 2012\Projects\EasyGC\Easy_GC\Debug\link.2504-rc.read.1.tlog
C:\Users\Administrator.PC-20121122AUMA\Documents\Visual Studio 2012\Projects\EasyGC\Easy_GC\Debug\link.2504-rc.write.1.tlog
C:\Users\Administrator.PC-20121122AUMA\Documents\Visual Studio 2012\Projects\EasyGC\Easy_GC\Debug\link.2504.read.1.tlog
C:\Users\Administrator.PC-20121122AUMA\Documents\Visual Studio 2012\Projects\EasyGC\Easy_GC\Debug\link.2504.write.1.tlog
C:\Users\Administrator.PC-20121122AUMA\Documents\Visual Studio 2012\Projects\EasyGC\Easy_GC\Debug\link.3512-cvtres.read.1.tlog
C:\Users\Administrator.PC-20121122AUMA\Documents\Visual Studio 2012\Projects\EasyGC\Easy_GC\Debug\link.3512-cvtres.write.1.tlog
C:\Users\Administrator.PC-20121122AUMA\Documents\Visual Studio 2012\Projects\EasyGC\Easy_GC\Debug\link.3512-rc.read.1.tlog
C:\Users\Administrator.PC-20121122AUMA\Documents\Visual Studio 2012\Projects\EasyGC\Easy_GC\Debug\link.3512-rc.write.1.tlog
C:\Users\Administrator.PC-20121122AUMA\Documents\Visual Studio 2012\Projects\EasyGC\Easy_GC\Debug\link.3512.read.1.tlog
C:\Users\Administrator.PC-20121122AUMA\Documents\Visual Studio 2012\Projects\EasyGC\Easy_GC\Debug\link.3512.write.1.tlog
C:\Users\Administrator.PC-20121122AUMA\Documents\Visual Studio 2012\Projects\EasyGC\Easy_GC\Debug\link.3552-cvtres.read.1.tlog
C:\Users\Administrator.PC-20121122AUMA\Documents\Visual Studio 2012\Projects\EasyGC\Easy_GC\Debug\link.3552-cvtres.write.1.tlog
C:\Users\Administrator.PC-20121122AUMA\Documents\Visual Studio 2012\Projects\EasyGC\Easy_GC\Debug\link.3552-rc.read.1.tlog
C:\Users\Administrator.PC-20121122AUMA\Documents\Visual Studio 2012\Projects\EasyGC\Easy_GC\Debug\link.3552-rc.write.1.tlog
C:\Users\Administrator.PC-20121122AUMA\Documents\Visual Studio 2012\Projects\EasyGC\Easy_GC\Debug\link.3552.read.1.tlog
C:\Users\Administrator.PC-20121122AUMA\Documents\Visual Studio 2012\Projects\EasyGC\Easy_GC\Debug\link.3552.write.1.tlog
C:\Users\Administrator.PC-20121122AUMA\Documents\Visual Studio 2012\Projects\EasyGC\Easy_GC\Debug\link.5068-cvtres.read.1.tlog
C:\Users\Administrator.PC-20121122AUMA\Documents\Visual Studio 2012\Projects\EasyGC\Easy_GC\Debug\link.5068-cvtres.write.1.tlog
C:\Users\Administrator.PC-20121122AUMA\Documents\Visual Studio 2012\Projects\EasyGC\Easy_GC\Debug\link.5068-rc.read.1.tlog
C:\Users\Administrator.PC-20121122AUMA\Documents\Visual Studio 2012\Projects\EasyGC\Easy_GC\Debug\link.5068-rc.write.1.tlog
C:\Users\Administrator.PC-20121122AUMA\Documents\Visual Studio 2012\Projects\EasyGC\Easy_GC\Debug\link.5068.read.1.tlog
C:\Users\Administrator.PC-20121122AUMA\Documents\Visual Studio 2012\Projects\EasyGC\Easy_GC\Debug\link.5068.write.1.tlog
C:\Users\Administrator.PC-20121122AUMA\Documents\Visual Studio 2012\Projects\EasyGC\Easy_GC\Debug\link.command.1.tlog
C:\Users\Administrator.PC-20121122AUMA\Documents\Visual Studio 2012\Projects\EasyGC\Easy_GC\Debug\link.read.1.tlog
C:\Users\Administrator.PC-20121122AUMA\Documents\Visual Studio 2012\Projects\EasyGC\Easy_GC\Debug\link.write.1.tlog
C:\Users\Administrator.PC-20121122AUMA\Documents\Visual Studio 2012\Projects\EasyGC\Easy_GC\Debug\Easy_GC.pch
C:\Users\Administrator.PC-20121122AUMA\Documents\Visual Studio 2012\Projects\EasyGC\Easy_GC\Debug\vc110.idb
C:\Users\Administrator.PC-20121122AUMA\Documents\Visual Studio 2012\Projects\EasyGC\Easy_GC\Debug\vc110.pdb
C:\Users\Administrator.PC-20121122AUMA\Documents\Visual Studio 2012\Projects\EasyGC\Debug\Easy_GC.pdb
C:\Users\Administrator.PC-20121122AUMA\Documents\Visual Studio 2012\Projects\EasyGC\Debug\Easy_GC.exe
C:\Users\Administrator.PC-20121122AUMA\Documents\Visual Studio 2012\Projects\EasyGC\Debug\Easy_GC.ilk
